Build output check failed:
    Regex: 'command[- ]line option .* is valid for .* but not for C'
    Output line: 'cc1: warning: command-line option ‘-Wnon-virtual-dtor’ is valid for C++/ObjC++ but not for C'
Compilation failed:
    source file: '/home/879enwt/REPO_git/mon_imGui/build/CMakeFiles/CMakeTmp/src.c'
    check option: ' -fsigned-char -W -Wall -Wreturn-type  -Wnon-virtual-dtor'
===== BUILD LOG =====
Change Dir: /home/879enwt/REPO_git/mon_imGui/build/CMakeFiles/CMakeTmp

Run Build Command(s):/usr/bin/gmake -f Makefile cmTC_97d8c/fast && /usr/bin/gmake  -f CMakeFiles/cmTC_97d8c.dir/build.make CMakeFiles/cmTC_97d8c.dir/build
gmake[1]: Entering directory '/home/879enwt/REPO_git/mon_imGui/build/CMakeFiles/CMakeTmp'
Building C object CMakeFiles/cmTC_97d8c.dir/src.c.o
/usr/bin/cc   -O3 -DNDEBUG -fPIE    -fsigned-char -W -Wall -Wreturn-type  -Wnon-virtual-dtor -o CMakeFiles/cmTC_97d8c.dir/src.c.o -c /home/879enwt/REPO_git/mon_imGui/build/CMakeFiles/CMakeTmp/src.c
cc1: warning: command-line option ‘-Wnon-virtual-dtor’ is valid for C++/ObjC++ but not for C
/home/879enwt/REPO_git/mon_imGui/build/CMakeFiles/CMakeTmp/src.c:1: warning: ignoring ‘#pragma  ’ [-Wunknown-pragmas]
    1 | #pragma
      | 
Linking C executable cmTC_97d8c
/usr/bin/cmake -E cmake_link_script CMakeFiles/cmTC_97d8c.dir/link.txt --verbose=1
/usr/bin/cc -O3 -DNDEBUG CMakeFiles/cmTC_97d8c.dir/src.c.o -o cmTC_97d8c 
gmake[1]: Leaving directory '/home/879enwt/REPO_git/mon_imGui/build/CMakeFiles/CMakeTmp'


===== END =====

Build output check failed:
    Regex: 'command[- ]line option .* is valid for .* but not for C\+\+'
    Output line: 'cc1plus: warning: command-line option ‘-Wmissing-prototypes’ is valid for C/ObjC but not for C++'
Compilation failed:
    source file: '/home/879enwt/REPO_git/mon_imGui/build/CMakeFiles/CMakeTmp/src.cxx'
    check option: ' -fsigned-char -W -Wall -Wreturn-type -Wnon-virtual-dtor -Waddress -Wsequence-point -Wformat -Wformat-security -Wmissing-declarations  -Wmissing-prototypes'
===== BUILD LOG =====
Change Dir: /home/879enwt/REPO_git/mon_imGui/build/CMakeFiles/CMakeTmp

Run Build Command(s):/usr/bin/gmake -f Makefile cmTC_06b84/fast && /usr/bin/gmake  -f CMakeFiles/cmTC_06b84.dir/build.make CMakeFiles/cmTC_06b84.dir/build
gmake[1]: Entering directory '/home/879enwt/REPO_git/mon_imGui/build/CMakeFiles/CMakeTmp'
Building CXX object CMakeFiles/cmTC_06b84.dir/src.cxx.o
/usr/bin/c++   -O3 -DNDEBUG -fPIE    -fsigned-char -W -Wall -Wreturn-type -Wnon-virtual-dtor -Waddress -Wsequence-point -Wformat -Wformat-security -Wmissing-declarations  -Wmissing-prototypes -std=c++11 -o CMakeFiles/cmTC_06b84.dir/src.cxx.o -c /home/879enwt/REPO_git/mon_imGui/build/CMakeFiles/CMakeTmp/src.cxx
cc1plus: warning: command-line option ‘-Wmissing-prototypes’ is valid for C/ObjC but not for C++
/home/879enwt/REPO_git/mon_imGui/build/CMakeFiles/CMakeTmp/src.cxx:1: warning: ignoring ‘#pragma  ’ [-Wunknown-pragmas]
    1 | #pragma
      | 
Linking CXX executable cmTC_06b84
/usr/bin/cmake -E cmake_link_script CMakeFiles/cmTC_06b84.dir/link.txt --verbose=1
/usr/bin/c++ -O3 -DNDEBUG CMakeFiles/cmTC_06b84.dir/src.cxx.o -o cmTC_06b84 
gmake[1]: Leaving directory '/home/879enwt/REPO_git/mon_imGui/build/CMakeFiles/CMakeTmp'


===== END =====

Build output check failed:
    Regex: 'command[- ]line option .* is valid for .* but not for C\+\+'
    Output line: 'cc1plus: warning: command-line option ‘-Wstrict-prototypes’ is valid for C/ObjC but not for C++'
Compilation failed:
    source file: '/home/879enwt/REPO_git/mon_imGui/build/CMakeFiles/CMakeTmp/src.cxx'
    check option: ' -fsigned-char -W -Wall -Wreturn-type -Wnon-virtual-dtor -Waddress -Wsequence-point -Wformat -Wformat-security -Wmissing-declarations  -Wstrict-prototypes'
===== BUILD LOG =====
Change Dir: /home/879enwt/REPO_git/mon_imGui/build/CMakeFiles/CMakeTmp

Run Build Command(s):/usr/bin/gmake -f Makefile cmTC_2d57c/fast && /usr/bin/gmake  -f CMakeFiles/cmTC_2d57c.dir/build.make CMakeFiles/cmTC_2d57c.dir/build
gmake[1]: Entering directory '/home/879enwt/REPO_git/mon_imGui/build/CMakeFiles/CMakeTmp'
Building CXX object CMakeFiles/cmTC_2d57c.dir/src.cxx.o
/usr/bin/c++   -O3 -DNDEBUG -fPIE    -fsigned-char -W -Wall -Wreturn-type -Wnon-virtual-dtor -Waddress -Wsequence-point -Wformat -Wformat-security -Wmissing-declarations  -Wstrict-prototypes -std=c++11 -o CMakeFiles/cmTC_2d57c.dir/src.cxx.o -c /home/879enwt/REPO_git/mon_imGui/build/CMakeFiles/CMakeTmp/src.cxx
cc1plus: warning: command-line option ‘-Wstrict-prototypes’ is valid for C/ObjC but not for C++
/home/879enwt/REPO_git/mon_imGui/build/CMakeFiles/CMakeTmp/src.cxx:1: warning: ignoring ‘#pragma  ’ [-Wunknown-pragmas]
    1 | #pragma
      | 
Linking CXX executable cmTC_2d57c
/usr/bin/cmake -E cmake_link_script CMakeFiles/cmTC_2d57c.dir/link.txt --verbose=1
/usr/bin/c++ -O3 -DNDEBUG CMakeFiles/cmTC_2d57c.dir/src.cxx.o -o cmTC_2d57c 
gmake[1]: Leaving directory '/home/879enwt/REPO_git/mon_imGui/build/CMakeFiles/CMakeTmp'


===== END =====

Build output check failed:
    Regex: 'command[- ]line option .* is valid for .* but not for C'
    Output line: 'cc1: warning: command-line option ‘-Wsign-promo’ is valid for C++/ObjC++ but not for C'
Compilation failed:
    source file: '/home/879enwt/REPO_git/mon_imGui/build/CMakeFiles/CMakeTmp/src.c'
    check option: ' -fsigned-char -W -Wall -Wreturn-type -Waddress -Wsequence-point -Wformat -Wformat-security -Wmissing-declarations -Wmissing-prototypes -Wstrict-prototypes -Wundef -Winit-self -Wpointer-arith -Wshadow  -Wsign-promo'
===== BUILD LOG =====
Change Dir: /home/879enwt/REPO_git/mon_imGui/build/CMakeFiles/CMakeTmp

Run Build Command(s):/usr/bin/gmake -f Makefile cmTC_b233d/fast && /usr/bin/gmake  -f CMakeFiles/cmTC_b233d.dir/build.make CMakeFiles/cmTC_b233d.dir/build
gmake[1]: Entering directory '/home/879enwt/REPO_git/mon_imGui/build/CMakeFiles/CMakeTmp'
Building C object CMakeFiles/cmTC_b233d.dir/src.c.o
/usr/bin/cc   -O3 -DNDEBUG -fPIE    -fsigned-char -W -Wall -Wreturn-type -Waddress -Wsequence-point -Wformat -Wformat-security -Wmissing-declarations -Wmissing-prototypes -Wstrict-prototypes -Wundef -Winit-self -Wpointer-arith -Wshadow  -Wsign-promo -o CMakeFiles/cmTC_b233d.dir/src.c.o -c /home/879enwt/REPO_git/mon_imGui/build/CMakeFiles/CMakeTmp/src.c
cc1: warning: command-line option ‘-Wsign-promo’ is valid for C++/ObjC++ but not for C
/home/879enwt/REPO_git/mon_imGui/build/CMakeFiles/CMakeTmp/src.c:1: warning: ignoring ‘#pragma  ’ [-Wunknown-pragmas]
    1 | #pragma
      | 
Linking C executable cmTC_b233d
/usr/bin/cmake -E cmake_link_script CMakeFiles/cmTC_b233d.dir/link.txt --verbose=1
/usr/bin/cc -O3 -DNDEBUG CMakeFiles/cmTC_b233d.dir/src.c.o -o cmTC_b233d 
gmake[1]: Leaving directory '/home/879enwt/REPO_git/mon_imGui/build/CMakeFiles/CMakeTmp'


===== END =====

Build output check failed:
    Regex: 'command[- ]line option .* is valid for .* but not for C'
    Output line: 'cc1: warning: command-line option ‘-Wsuggest-override’ is valid for C++/ObjC++ but not for C'
Compilation failed:
    source file: '/home/879enwt/REPO_git/mon_imGui/build/CMakeFiles/CMakeTmp/src.c'
    check option: ' -fsigned-char -W -Wall -Wreturn-type -Waddress -Wsequence-point -Wformat -Wformat-security -Wmissing-declarations -Wmissing-prototypes -Wstrict-prototypes -Wundef -Winit-self -Wpointer-arith -Wshadow -Wuninitialized  -Wsuggest-override'
===== BUILD LOG =====
Change Dir: /home/879enwt/REPO_git/mon_imGui/build/CMakeFiles/CMakeTmp

Run Build Command(s):/usr/bin/gmake -f Makefile cmTC_ff1f8/fast && /usr/bin/gmake  -f CMakeFiles/cmTC_ff1f8.dir/build.make CMakeFiles/cmTC_ff1f8.dir/build
gmake[1]: Entering directory '/home/879enwt/REPO_git/mon_imGui/build/CMakeFiles/CMakeTmp'
Building C object CMakeFiles/cmTC_ff1f8.dir/src.c.o
/usr/bin/cc   -O3 -DNDEBUG -fPIE    -fsigned-char -W -Wall -Wreturn-type -Waddress -Wsequence-point -Wformat -Wformat-security -Wmissing-declarations -Wmissing-prototypes -Wstrict-prototypes -Wundef -Winit-self -Wpointer-arith -Wshadow -Wuninitialized  -Wsuggest-override -o CMakeFiles/cmTC_ff1f8.dir/src.c.o -c /home/879enwt/REPO_git/mon_imGui/build/CMakeFiles/CMakeTmp/src.c
cc1: warning: command-line option ‘-Wsuggest-override’ is valid for C++/ObjC++ but not for C
/home/879enwt/REPO_git/mon_imGui/build/CMakeFiles/CMakeTmp/src.c:1: warning: ignoring ‘#pragma  ’ [-Wunknown-pragmas]
    1 | #pragma
      | 
Linking C executable cmTC_ff1f8
/usr/bin/cmake -E cmake_link_script CMakeFiles/cmTC_ff1f8.dir/link.txt --verbose=1
/usr/bin/cc -O3 -DNDEBUG CMakeFiles/cmTC_ff1f8.dir/src.c.o -o cmTC_ff1f8 
gmake[1]: Leaving directory '/home/879enwt/REPO_git/mon_imGui/build/CMakeFiles/CMakeTmp'


===== END =====

Build output check failed:
    Regex: 'command[- ]line option .* is valid for .* but not for C'
    Output line: 'cc1: warning: command-line option ‘-Wno-delete-non-virtual-dtor’ is valid for C++/ObjC++ but not for C'
Compilation failed:
    source file: '/home/879enwt/REPO_git/mon_imGui/build/CMakeFiles/CMakeTmp/src.c'
    check option: ' -fsigned-char -W -Wall -Wreturn-type -Waddress -Wsequence-point -Wformat -Wformat-security -Wmissing-declarations -Wmissing-prototypes -Wstrict-prototypes -Wundef -Winit-self -Wpointer-arith -Wshadow -Wuninitialized  -Wno-delete-non-virtual-dtor'
===== BUILD LOG =====
Change Dir: /home/879enwt/REPO_git/mon_imGui/build/CMakeFiles/CMakeTmp

Run Build Command(s):/usr/bin/gmake -f Makefile cmTC_ca0e5/fast && /usr/bin/gmake  -f CMakeFiles/cmTC_ca0e5.dir/build.make CMakeFiles/cmTC_ca0e5.dir/build
gmake[1]: Entering directory '/home/879enwt/REPO_git/mon_imGui/build/CMakeFiles/CMakeTmp'
Building C object CMakeFiles/cmTC_ca0e5.dir/src.c.o
/usr/bin/cc   -O3 -DNDEBUG -fPIE    -fsigned-char -W -Wall -Wreturn-type -Waddress -Wsequence-point -Wformat -Wformat-security -Wmissing-declarations -Wmissing-prototypes -Wstrict-prototypes -Wundef -Winit-self -Wpointer-arith -Wshadow -Wuninitialized  -Wno-delete-non-virtual-dtor -o CMakeFiles/cmTC_ca0e5.dir/src.c.o -c /home/879enwt/REPO_git/mon_imGui/build/CMakeFiles/CMakeTmp/src.c
cc1: warning: command-line option ‘-Wno-delete-non-virtual-dtor’ is valid for C++/ObjC++ but not for C
/home/879enwt/REPO_git/mon_imGui/build/CMakeFiles/CMakeTmp/src.c:1: warning: ignoring ‘#pragma  ’ [-Wunknown-pragmas]
    1 | #pragma
      | 
Linking C executable cmTC_ca0e5
/usr/bin/cmake -E cmake_link_script CMakeFiles/cmTC_ca0e5.dir/link.txt --verbose=1
/usr/bin/cc -O3 -DNDEBUG CMakeFiles/cmTC_ca0e5.dir/src.c.o -o cmTC_ca0e5 
gmake[1]: Leaving directory '/home/879enwt/REPO_git/mon_imGui/build/CMakeFiles/CMakeTmp'


===== END =====

Build output check failed:
    Regex: 'unrecognized .*option'
    Output line: 'cc1plus: note: unrecognized command-line option ‘-Wno-unnamed-type-template-args’ may have been intended to silence earlier diagnostics'
Compilation failed:
    source file: '/home/879enwt/REPO_git/mon_imGui/build/CMakeFiles/CMakeTmp/src.cxx'
    check option: ' -fsigned-char -W -Wall -Wreturn-type -Wnon-virtual-dtor -Waddress -Wsequence-point -Wformat -Wformat-security -Wmissing-declarations -Wundef -Winit-self -Wpointer-arith -Wshadow -Wsign-promo -Wuninitialized -Wsuggest-override -Wno-delete-non-virtual-dtor  -Wno-unnamed-type-template-args'
===== BUILD LOG =====
Change Dir: /home/879enwt/REPO_git/mon_imGui/build/CMakeFiles/CMakeTmp

Run Build Command(s):/usr/bin/gmake -f Makefile cmTC_2af32/fast && /usr/bin/gmake  -f CMakeFiles/cmTC_2af32.dir/build.make CMakeFiles/cmTC_2af32.dir/build
gmake[1]: Entering directory '/home/879enwt/REPO_git/mon_imGui/build/CMakeFiles/CMakeTmp'
Building CXX object CMakeFiles/cmTC_2af32.dir/src.cxx.o
/usr/bin/c++   -O3 -DNDEBUG -fPIE    -fsigned-char -W -Wall -Wreturn-type -Wnon-virtual-dtor -Waddress -Wsequence-point -Wformat -Wformat-security -Wmissing-declarations -Wundef -Winit-self -Wpointer-arith -Wshadow -Wsign-promo -Wuninitialized -Wsuggest-override -Wno-delete-non-virtual-dtor  -Wno-unnamed-type-template-args -std=c++11 -o CMakeFiles/cmTC_2af32.dir/src.cxx.o -c /home/879enwt/REPO_git/mon_imGui/build/CMakeFiles/CMakeTmp/src.cxx
/home/879enwt/REPO_git/mon_imGui/build/CMakeFiles/CMakeTmp/src.cxx:1: warning: ignoring ‘#pragma  ’ [-Wunknown-pragmas]
    1 | #pragma
      | 
cc1plus: note: unrecognized command-line option ‘-Wno-unnamed-type-template-args’ may have been intended to silence earlier diagnostics
Linking CXX executable cmTC_2af32
/usr/bin/cmake -E cmake_link_script CMakeFiles/cmTC_2af32.dir/link.txt --verbose=1
/usr/bin/c++ -O3 -DNDEBUG CMakeFiles/cmTC_2af32.dir/src.cxx.o -o cmTC_2af32 
gmake[1]: Leaving directory '/home/879enwt/REPO_git/mon_imGui/build/CMakeFiles/CMakeTmp'


===== END =====

Build output check failed:
    Regex: 'unrecognized .*option'
    Output line: 'cc1: note: unrecognized command-line option ‘-Wno-unnamed-type-template-args’ may have been intended to silence earlier diagnostics'
Compilation failed:
    source file: '/home/879enwt/REPO_git/mon_imGui/build/CMakeFiles/CMakeTmp/src.c'
    check option: ' -fsigned-char -W -Wall -Wreturn-type -Waddress -Wsequence-point -Wformat -Wformat-security -Wmissing-declarations -Wmissing-prototypes -Wstrict-prototypes -Wundef -Winit-self -Wpointer-arith -Wshadow -Wuninitialized  -Wno-unnamed-type-template-args'
===== BUILD LOG =====
Change Dir: /home/879enwt/REPO_git/mon_imGui/build/CMakeFiles/CMakeTmp

Run Build Command(s):/usr/bin/gmake -f Makefile cmTC_59277/fast && /usr/bin/gmake  -f CMakeFiles/cmTC_59277.dir/build.make CMakeFiles/cmTC_59277.dir/build
gmake[1]: Entering directory '/home/879enwt/REPO_git/mon_imGui/build/CMakeFiles/CMakeTmp'
Building C object CMakeFiles/cmTC_59277.dir/src.c.o
/usr/bin/cc   -O3 -DNDEBUG -fPIE    -fsigned-char -W -Wall -Wreturn-type -Waddress -Wsequence-point -Wformat -Wformat-security -Wmissing-declarations -Wmissing-prototypes -Wstrict-prototypes -Wundef -Winit-self -Wpointer-arith -Wshadow -Wuninitialized  -Wno-unnamed-type-template-args -o CMakeFiles/cmTC_59277.dir/src.c.o -c /home/879enwt/REPO_git/mon_imGui/build/CMakeFiles/CMakeTmp/src.c
/home/879enwt/REPO_git/mon_imGui/build/CMakeFiles/CMakeTmp/src.c:1: warning: ignoring ‘#pragma  ’ [-Wunknown-pragmas]
    1 | #pragma
      | 
cc1: note: unrecognized command-line option ‘-Wno-unnamed-type-template-args’ may have been intended to silence earlier diagnostics
Linking C executable cmTC_59277
/usr/bin/cmake -E cmake_link_script CMakeFiles/cmTC_59277.dir/link.txt --verbose=1
/usr/bin/cc -O3 -DNDEBUG CMakeFiles/cmTC_59277.dir/src.c.o -o cmTC_59277 
gmake[1]: Leaving directory '/home/879enwt/REPO_git/mon_imGui/build/CMakeFiles/CMakeTmp'


===== END =====

Compilation failed:
    source file: '/home/879enwt/REPO_git/mon_imGui/opencv-4.x/cmake/checks/cpu_sse3.cpp'
    check option: ''
===== BUILD LOG =====
Change Dir: /home/879enwt/REPO_git/mon_imGui/build/CMakeFiles/CMakeTmp

Run Build Command(s):/usr/bin/gmake -f Makefile cmTC_0fcd6/fast && /usr/bin/gmake  -f CMakeFiles/cmTC_0fcd6.dir/build.make CMakeFiles/cmTC_0fcd6.dir/build
gmake[1]: Entering directory '/home/879enwt/REPO_git/mon_imGui/build/CMakeFiles/CMakeTmp'
Building CXX object CMakeFiles/cmTC_0fcd6.dir/cpu_sse3.cpp.o
/usr/bin/c++   -O3 -DNDEBUG -fPIE -std=c++11 -o CMakeFiles/cmTC_0fcd6.dir/cpu_sse3.cpp.o -c /home/879enwt/REPO_git/mon_imGui/opencv-4.x/cmake/checks/cpu_sse3.cpp
In file included from /home/879enwt/REPO_git/mon_imGui/opencv-4.x/cmake/checks/cpu_sse3.cpp:1:
/usr/lib/gcc/x86_64-linux-gnu/12/include/pmmintrin.h: In function ‘int main()’:
/usr/lib/gcc/x86_64-linux-gnu/12/include/pmmintrin.h:75:1: error: inlining failed in call to ‘always_inline’ ‘__m128 _mm_moveldup_ps(__m128)’: target specific option mismatch
   75 | _mm_moveldup_ps (__m128 __X)
      | ^~~~~~~~~~~~~~~
/home/879enwt/REPO_git/mon_imGui/opencv-4.x/cmake/checks/cpu_sse3.cpp:5:24: note: called from here
    5 |     v = _mm_moveldup_ps(u); // SSE3
      |         ~~~~~~~~~~~~~~~^~~
/usr/lib/gcc/x86_64-linux-gnu/12/include/pmmintrin.h:75:1: error: inlining failed in call to ‘always_inline’ ‘__m128 _mm_moveldup_ps(__m128)’: target specific option mismatch
   75 | _mm_moveldup_ps (__m128 __X)
      | ^~~~~~~~~~~~~~~
/home/879enwt/REPO_git/mon_imGui/opencv-4.x/cmake/checks/cpu_sse3.cpp:5:24: note: called from here
    5 |     v = _mm_moveldup_ps(u); // SSE3
      |         ~~~~~~~~~~~~~~~^~~
gmake[1]: *** [CMakeFiles/cmTC_0fcd6.dir/build.make:78: CMakeFiles/cmTC_0fcd6.dir/cpu_sse3.cpp.o] Error 1
gmake[1]: Leaving directory '/home/879enwt/REPO_git/mon_imGui/build/CMakeFiles/CMakeTmp'
gmake: *** [Makefile:127: cmTC_0fcd6/fast] Error 2


===== END =====

Build output check failed:
    Regex: 'command[- ]line option .* is valid for .* but not for C'
    Output line: 'cc1: warning: command-line option ‘-fvisibility-inlines-hidden’ is valid for C++/ObjC++ but not for C'
Compilation failed:
    source file: '/home/879enwt/REPO_git/mon_imGui/build/CMakeFiles/CMakeTmp/src.c'
    check option: ' -fsigned-char -W -Wall -Wreturn-type -Waddress -Wsequence-point -Wformat -Wformat-security -Wmissing-declarations -Wmissing-prototypes -Wstrict-prototypes -Wundef -Winit-self -Wpointer-arith -Wshadow -Wuninitialized -Wno-comment -Wimplicit-fallthrough=3 -Wno-strict-overflow -fdiagnostics-show-option -Wno-long-long -pthread -fomit-frame-pointer -ffunction-sections -fdata-sections  -msse3 -fvisibility=hidden  -fvisibility-inlines-hidden'
===== BUILD LOG =====
Change Dir: /home/879enwt/REPO_git/mon_imGui/build/CMakeFiles/CMakeTmp

Run Build Command(s):/usr/bin/gmake -f Makefile cmTC_7a2c2/fast && /usr/bin/gmake  -f CMakeFiles/cmTC_7a2c2.dir/build.make CMakeFiles/cmTC_7a2c2.dir/build
gmake[1]: Entering directory '/home/879enwt/REPO_git/mon_imGui/build/CMakeFiles/CMakeTmp'
Building C object CMakeFiles/cmTC_7a2c2.dir/src.c.o
/usr/bin/cc   -O3 -DNDEBUG -fPIE    -fsigned-char -W -Wall -Wreturn-type -Waddress -Wsequence-point -Wformat -Wformat-security -Wmissing-declarations -Wmissing-prototypes -Wstrict-prototypes -Wundef -Winit-self -Wpointer-arith -Wshadow -Wuninitialized -Wno-comment -Wimplicit-fallthrough=3 -Wno-strict-overflow -fdiagnostics-show-option -Wno-long-long -pthread -fomit-frame-pointer -ffunction-sections -fdata-sections  -msse3 -fvisibility=hidden  -fvisibility-inlines-hidden -o CMakeFiles/cmTC_7a2c2.dir/src.c.o -c /home/879enwt/REPO_git/mon_imGui/build/CMakeFiles/CMakeTmp/src.c
cc1: warning: command-line option ‘-fvisibility-inlines-hidden’ is valid for C++/ObjC++ but not for C
/home/879enwt/REPO_git/mon_imGui/build/CMakeFiles/CMakeTmp/src.c:1: warning: ignoring ‘#pragma  ’ [-Wunknown-pragmas]
    1 | #pragma
      | 
Linking C executable cmTC_7a2c2
/usr/bin/cmake -E cmake_link_script CMakeFiles/cmTC_7a2c2.dir/link.txt --verbose=1
/usr/bin/cc -O3 -DNDEBUG CMakeFiles/cmTC_7a2c2.dir/src.c.o -o cmTC_7a2c2 
gmake[1]: Leaving directory '/home/879enwt/REPO_git/mon_imGui/build/CMakeFiles/CMakeTmp'


===== END =====

Build output check failed:
    Regex: 'unrecognized .*option'
    Output line: 'cc1: note: unrecognized command-line option ‘-Wno-implicit-const-int-float-conversion’ may have been intended to silence earlier diagnostics'
Compilation failed:
    source file: '/home/879enwt/REPO_git/mon_imGui/build/CMakeFiles/CMakeTmp/src.c'
    check option: ' -Wno-implicit-const-int-float-conversion'
===== BUILD LOG =====
Change Dir: /home/879enwt/REPO_git/mon_imGui/build/CMakeFiles/CMakeTmp

Run Build Command(s):/usr/bin/gmake -f Makefile cmTC_8d5d1/fast && /usr/bin/gmake  -f CMakeFiles/cmTC_8d5d1.dir/build.make CMakeFiles/cmTC_8d5d1.dir/build
gmake[1]: Entering directory '/home/879enwt/REPO_git/mon_imGui/build/CMakeFiles/CMakeTmp'
Building C object CMakeFiles/cmTC_8d5d1.dir/src.c.o
/usr/bin/cc   -fsigned-char -W -Wall -Wreturn-type -Waddress -Wsequence-point -Wformat -Wformat-security -Wmissing-declarations -Wmissing-prototypes -Wstrict-prototypes -Wundef -Winit-self -Wpointer-arith -Wshadow -Wuninitialized -Wno-comment -Wimplicit-fallthrough=3 -Wno-strict-overflow -fdiagnostics-show-option -Wno-long-long -pthread -fomit-frame-pointer -ffunction-sections -fdata-sections  -msse3 -fvisibility=hidden  -O3 -DNDEBUG  -DNDEBUG -fPIE    -Wno-implicit-const-int-float-conversion -o CMakeFiles/cmTC_8d5d1.dir/src.c.o -c /home/879enwt/REPO_git/mon_imGui/build/CMakeFiles/CMakeTmp/src.c
/home/879enwt/REPO_git/mon_imGui/build/CMakeFiles/CMakeTmp/src.c:1: warning: ignoring ‘#pragma  ’ [-Wunknown-pragmas]
    1 | #pragma
      | 
cc1: note: unrecognized command-line option ‘-Wno-implicit-const-int-float-conversion’ may have been intended to silence earlier diagnostics
Linking C executable cmTC_8d5d1
/usr/bin/cmake -E cmake_link_script CMakeFiles/cmTC_8d5d1.dir/link.txt --verbose=1
/usr/bin/cc    -fsigned-char -W -Wall -Wreturn-type -Waddress -Wsequence-point -Wformat -Wformat-security -Wmissing-declarations -Wmissing-prototypes -Wstrict-prototypes -Wundef -Winit-self -Wpointer-arith -Wshadow -Wuninitialized -Wno-comment -Wimplicit-fallthrough=3 -Wno-strict-overflow -fdiagnostics-show-option -Wno-long-long -pthread -fomit-frame-pointer -ffunction-sections -fdata-sections  -msse3 -fvisibility=hidden  -O3 -DNDEBUG  -DNDEBUG   -Wl,--gc-sections -Wl,--as-needed -Wl,--no-undefined  CMakeFiles/cmTC_8d5d1.dir/src.c.o -o cmTC_8d5d1 
gmake[1]: Leaving directory '/home/879enwt/REPO_git/mon_imGui/build/CMakeFiles/CMakeTmp'


===== END =====

Build output check failed:
    Regex: 'unrecognized .*option'
    Output line: 'cc1: note: unrecognized command-line option ‘-Wno-documentation’ may have been intended to silence earlier diagnostics'
Compilation failed:
    source file: '/home/879enwt/REPO_git/mon_imGui/build/CMakeFiles/CMakeTmp/src.c'
    check option: ' -Wno-documentation'
===== BUILD LOG =====
Change Dir: /home/879enwt/REPO_git/mon_imGui/build/CMakeFiles/CMakeTmp

Run Build Command(s):/usr/bin/gmake -f Makefile cmTC_82b33/fast && /usr/bin/gmake  -f CMakeFiles/cmTC_82b33.dir/build.make CMakeFiles/cmTC_82b33.dir/build
gmake[1]: Entering directory '/home/879enwt/REPO_git/mon_imGui/build/CMakeFiles/CMakeTmp'
Building C object CMakeFiles/cmTC_82b33.dir/src.c.o
/usr/bin/cc   -fsigned-char -W -Wall -Wreturn-type -Waddress -Wsequence-point -Wformat -Wformat-security -Wstrict-prototypes -Wundef -Winit-self -Wpointer-arith -Wshadow -Wuninitialized -Wno-comment -Wimplicit-fallthrough=3 -Wno-strict-overflow -fdiagnostics-show-option -Wno-long-long -pthread -fomit-frame-pointer -ffunction-sections -fdata-sections  -msse3 -fvisibility=hidden -Wno-unused-but-set-variable -Wno-missing-prototypes -Wno-missing-declarations  -O3 -DNDEBUG  -DNDEBUG -fPIE    -Wno-documentation -o CMakeFiles/cmTC_82b33.dir/src.c.o -c /home/879enwt/REPO_git/mon_imGui/build/CMakeFiles/CMakeTmp/src.c
/home/879enwt/REPO_git/mon_imGui/build/CMakeFiles/CMakeTmp/src.c:1: warning: ignoring ‘#pragma  ’ [-Wunknown-pragmas]
    1 | #pragma
      | 
cc1: note: unrecognized command-line option ‘-Wno-documentation’ may have been intended to silence earlier diagnostics
Linking C executable cmTC_82b33
/usr/bin/cmake -E cmake_link_script CMakeFiles/cmTC_82b33.dir/link.txt --verbose=1
/usr/bin/cc    -fsigned-char -W -Wall -Wreturn-type -Waddress -Wsequence-point -Wformat -Wformat-security -Wstrict-prototypes -Wundef -Winit-self -Wpointer-arith -Wshadow -Wuninitialized -Wno-comment -Wimplicit-fallthrough=3 -Wno-strict-overflow -fdiagnostics-show-option -Wno-long-long -pthread -fomit-frame-pointer -ffunction-sections -fdata-sections  -msse3 -fvisibility=hidden -Wno-unused-but-set-variable -Wno-missing-prototypes -Wno-missing-declarations  -O3 -DNDEBUG  -DNDEBUG   -Wl,--gc-sections -Wl,--as-needed -Wl,--no-undefined  CMakeFiles/cmTC_82b33.dir/src.c.o -o cmTC_82b33 
gmake[1]: Leaving directory '/home/879enwt/REPO_git/mon_imGui/build/CMakeFiles/CMakeTmp'


===== END =====

Determining if the _aligned_malloc exist failed with the following output:
Change Dir: /home/879enwt/REPO_git/mon_imGui/build/CMakeFiles/CMakeScratch/TryCompile-vhgfs5

Run Build Command(s):/usr/bin/gmake -f Makefile cmTC_9fe07/fast && /usr/bin/gmake  -f CMakeFiles/cmTC_9fe07.dir/build.make CMakeFiles/cmTC_9fe07.dir/build
gmake[1]: Entering directory '/home/879enwt/REPO_git/mon_imGui/build/CMakeFiles/CMakeScratch/TryCompile-vhgfs5'
Building C object CMakeFiles/cmTC_9fe07.dir/CheckSymbolExists.c.o
/usr/bin/cc   -fsigned-char -W -Wall -Wreturn-type -Waddress -Wsequence-point -Wformat -Wformat-security -Wstrict-prototypes -Wundef -Winit-self -Wpointer-arith -Wshadow -Wuninitialized -Wno-comment -Wimplicit-fallthrough=3 -Wno-strict-overflow -fdiagnostics-show-option -Wno-long-long -pthread -fomit-frame-pointer -ffunction-sections -fdata-sections  -msse3 -fvisibility=hidden -Wno-unused-but-set-variable -Wno-missing-prototypes -Wno-missing-declarations  -O3 -DNDEBUG  -DNDEBUG -fPIE -o CMakeFiles/cmTC_9fe07.dir/CheckSymbolExists.c.o -c /home/879enwt/REPO_git/mon_imGui/build/CMakeFiles/CMakeScratch/TryCompile-vhgfs5/CheckSymbolExists.c
/home/879enwt/REPO_git/mon_imGui/build/CMakeFiles/CMakeScratch/TryCompile-vhgfs5/CheckSymbolExists.c: In function ‘main’:
/home/879enwt/REPO_git/mon_imGui/build/CMakeFiles/CMakeScratch/TryCompile-vhgfs5/CheckSymbolExists.c:8:19: error: ‘_aligned_malloc’ undeclared (first use in this function)
    8 |   return ((int*)(&_aligned_malloc))[argc];
      |                   ^~~~~~~~~~~~~~~
/home/879enwt/REPO_git/mon_imGui/build/CMakeFiles/CMakeScratch/TryCompile-vhgfs5/CheckSymbolExists.c:8:19: note: each undeclared identifier is reported only once for each function it appears in
/home/879enwt/REPO_git/mon_imGui/build/CMakeFiles/CMakeScratch/TryCompile-vhgfs5/CheckSymbolExists.c:4:14: warning: parameter ‘argc’ set but not used [-Wunused-but-set-parameter]
    4 | int main(int argc, char** argv)
      |          ~~~~^~~~
gmake[1]: *** [CMakeFiles/cmTC_9fe07.dir/build.make:78: CMakeFiles/cmTC_9fe07.dir/CheckSymbolExists.c.o] Error 1
gmake[1]: Leaving directory '/home/879enwt/REPO_git/mon_imGui/build/CMakeFiles/CMakeScratch/TryCompile-vhgfs5'
gmake: *** [Makefile:127: cmTC_9fe07/fast] Error 2


File CheckSymbolExists.c:
/* */
#include <malloc.h>

int main(int argc, char** argv)
{
  (void)argv;
#ifndef _aligned_malloc
  return ((int*)(&_aligned_malloc))[argc];
#else
  (void)argc;
  return 0;
#endif
}
Determining if the function sgemm_ exists failed with the following output:
Change Dir: /home/879enwt/REPO_git/mon_imGui/build/CMakeFiles/CMakeScratch/TryCompile-xLf76G

Run Build Command(s):/usr/bin/gmake -f Makefile cmTC_bf100/fast && /usr/bin/gmake  -f CMakeFiles/cmTC_bf100.dir/build.make CMakeFiles/cmTC_bf100.dir/build
gmake[1]: Entering directory '/home/879enwt/REPO_git/mon_imGui/build/CMakeFiles/CMakeScratch/TryCompile-xLf76G'
Building C object CMakeFiles/cmTC_bf100.dir/CheckFunctionExists.c.o
/usr/bin/cc   -fsigned-char -W -Wall -Wreturn-type -Waddress -Wsequence-point -Wformat -Wformat-security -Wmissing-declarations -Wmissing-prototypes -Wstrict-prototypes -Wundef -Winit-self -Wpointer-arith -Wshadow -Wuninitialized -Wno-comment -Wimplicit-fallthrough=3 -Wno-strict-overflow -fdiagnostics-show-option -Wno-long-long -pthread -fomit-frame-pointer -ffunction-sections -fdata-sections  -msse3 -fvisibility=hidden -DCHECK_FUNCTION_EXISTS=sgemm_ -O3 -DNDEBUG  -DNDEBUG -fPIE -o CMakeFiles/cmTC_bf100.dir/CheckFunctionExists.c.o -c /home/879enwt/REPO_git/mon_imGui/build/CMakeFiles/CMakeScratch/TryCompile-xLf76G/CheckFunctionExists.c
Linking C executable cmTC_bf100
/usr/bin/cmake -E cmake_link_script CMakeFiles/cmTC_bf100.dir/link.txt --verbose=1
/usr/bin/cc    -fsigned-char -W -Wall -Wreturn-type -Waddress -Wsequence-point -Wformat -Wformat-security -Wmissing-declarations -Wmissing-prototypes -Wstrict-prototypes -Wundef -Winit-self -Wpointer-arith -Wshadow -Wuninitialized -Wno-comment -Wimplicit-fallthrough=3 -Wno-strict-overflow -fdiagnostics-show-option -Wno-long-long -pthread -fomit-frame-pointer -ffunction-sections -fdata-sections  -msse3 -fvisibility=hidden -DCHECK_FUNCTION_EXISTS=sgemm_ -O3 -DNDEBUG  -DNDEBUG   -Wl,--gc-sections -Wl,--as-needed -Wl,--no-undefined  CMakeFiles/cmTC_bf100.dir/CheckFunctionExists.c.o -o cmTC_bf100 
/usr/bin/ld: CMakeFiles/cmTC_bf100.dir/CheckFunctionExists.c.o: in function `main':
CheckFunctionExists.c:(.text.startup.main+0xc): undefined reference to `sgemm_'
collect2: error: ld returned 1 exit status
gmake[1]: *** [CMakeFiles/cmTC_bf100.dir/build.make:99: cmTC_bf100] Error 1
gmake[1]: Leaving directory '/home/879enwt/REPO_git/mon_imGui/build/CMakeFiles/CMakeScratch/TryCompile-xLf76G'
gmake: *** [Makefile:127: cmTC_bf100/fast] Error 2



Build output check failed:
    Regex: 'command[- ]line option .* is valid for .* but not for C\+\+'
    Output line: 'cc1plus: warning: command-line option ‘-Wno-missing-prototypes’ is valid for C/ObjC but not for C++'
Compilation failed:
    source file: '/home/879enwt/REPO_git/mon_imGui/build/CMakeFiles/CMakeTmp/src.cxx'
    check option: ' -Wno-missing-prototypes'
===== BUILD LOG =====
Change Dir: /home/879enwt/REPO_git/mon_imGui/build/CMakeFiles/CMakeTmp

Run Build Command(s):/usr/bin/gmake -f Makefile cmTC_4635c/fast && /usr/bin/gmake  -f CMakeFiles/cmTC_4635c.dir/build.make CMakeFiles/cmTC_4635c.dir/build
gmake[1]: Entering directory '/home/879enwt/REPO_git/mon_imGui/build/CMakeFiles/CMakeTmp'
Building CXX object CMakeFiles/cmTC_4635c.dir/src.cxx.o
/usr/bin/c++   -fsigned-char -W -Wall -Wreturn-type -Wnon-virtual-dtor -Waddress -Wsequence-point -Wformat -Wformat-security -Wmissing-declarations -Wundef -Winit-self -Wpointer-arith -Wshadow -Wsign-promo -Wuninitialized -Wsuggest-override -Wno-delete-non-virtual-dtor -Wno-comment -Wimplicit-fallthrough=3 -Wno-strict-overflow -fdiagnostics-show-option -Wno-long-long -pthread -fomit-frame-pointer -ffunction-sections -fdata-sections  -msse3 -fvisibility=hidden -fvisibility-inlines-hidden -Wno-deprecated  -O3 -DNDEBUG  -DNDEBUG -fPIE    -Wno-missing-prototypes -std=c++11 -o CMakeFiles/cmTC_4635c.dir/src.cxx.o -c /home/879enwt/REPO_git/mon_imGui/build/CMakeFiles/CMakeTmp/src.cxx
cc1plus: warning: command-line option ‘-Wno-missing-prototypes’ is valid for C/ObjC but not for C++
/home/879enwt/REPO_git/mon_imGui/build/CMakeFiles/CMakeTmp/src.cxx:1: warning: ignoring ‘#pragma  ’ [-Wunknown-pragmas]
    1 | #pragma
      | 
Linking CXX executable cmTC_4635c
/usr/bin/cmake -E cmake_link_script CMakeFiles/cmTC_4635c.dir/link.txt --verbose=1
/usr/bin/c++    -fsigned-char -W -Wall -Wreturn-type -Wnon-virtual-dtor -Waddress -Wsequence-point -Wformat -Wformat-security -Wmissing-declarations -Wundef -Winit-self -Wpointer-arith -Wshadow -Wsign-promo -Wuninitialized -Wsuggest-override -Wno-delete-non-virtual-dtor -Wno-comment -Wimplicit-fallthrough=3 -Wno-strict-overflow -fdiagnostics-show-option -Wno-long-long -pthread -fomit-frame-pointer -ffunction-sections -fdata-sections  -msse3 -fvisibility=hidden -fvisibility-inlines-hidden -Wno-deprecated  -O3 -DNDEBUG  -DNDEBUG   -Wl,--gc-sections -Wl,--as-needed -Wl,--no-undefined  CMakeFiles/cmTC_4635c.dir/src.cxx.o -o cmTC_4635c 
gmake[1]: Leaving directory '/home/879enwt/REPO_git/mon_imGui/build/CMakeFiles/CMakeTmp'


===== END =====

Build output check failed:
    Regex: 'unrecognized .*option'
    Output line: 'cc1plus: note: unrecognized command-line option ‘-Wno-tautological-undefined-compare’ may have been intended to silence earlier diagnostics'
Compilation failed:
    source file: '/home/879enwt/REPO_git/mon_imGui/build/CMakeFiles/CMakeTmp/src.cxx'
    check option: ' -Wno-tautological-undefined-compare'
===== BUILD LOG =====
Change Dir: /home/879enwt/REPO_git/mon_imGui/build/CMakeFiles/CMakeTmp

Run Build Command(s):/usr/bin/gmake -f Makefile cmTC_1c3ad/fast && /usr/bin/gmake  -f CMakeFiles/cmTC_1c3ad.dir/build.make CMakeFiles/cmTC_1c3ad.dir/build
gmake[1]: Entering directory '/home/879enwt/REPO_git/mon_imGui/build/CMakeFiles/CMakeTmp'
Building CXX object CMakeFiles/cmTC_1c3ad.dir/src.cxx.o
/usr/bin/c++   -fsigned-char -W -Wall -Wreturn-type -Wnon-virtual-dtor -Waddress -Wsequence-point -Wformat -Wformat-security -Winit-self -Wpointer-arith -Wuninitialized -Wsuggest-override -Wno-delete-non-virtual-dtor -Wno-comment -Wimplicit-fallthrough=3 -Wno-strict-overflow -fdiagnostics-show-option -Wno-long-long -pthread -fomit-frame-pointer -ffunction-sections -fdata-sections  -msse3 -fvisibility=hidden -fvisibility-inlines-hidden -Wno-deprecated -Wno-missing-declarations -Wno-shadow -Wno-unused-parameter -Wno-unused-local-typedefs -Wno-sign-compare -Wno-sign-promo -Wno-undef  -O3 -DNDEBUG  -DNDEBUG -fPIE    -Wno-tautological-undefined-compare -std=c++11 -o CMakeFiles/cmTC_1c3ad.dir/src.cxx.o -c /home/879enwt/REPO_git/mon_imGui/build/CMakeFiles/CMakeTmp/src.cxx
/home/879enwt/REPO_git/mon_imGui/build/CMakeFiles/CMakeTmp/src.cxx:1: warning: ignoring ‘#pragma  ’ [-Wunknown-pragmas]
    1 | #pragma
      | 
cc1plus: note: unrecognized command-line option ‘-Wno-tautological-undefined-compare’ may have been intended to silence earlier diagnostics
Linking CXX executable cmTC_1c3ad
/usr/bin/cmake -E cmake_link_script CMakeFiles/cmTC_1c3ad.dir/link.txt --verbose=1
/usr/bin/c++    -fsigned-char -W -Wall -Wreturn-type -Wnon-virtual-dtor -Waddress -Wsequence-point -Wformat -Wformat-security -Winit-self -Wpointer-arith -Wuninitialized -Wsuggest-override -Wno-delete-non-virtual-dtor -Wno-comment -Wimplicit-fallthrough=3 -Wno-strict-overflow -fdiagnostics-show-option -Wno-long-long -pthread -fomit-frame-pointer -ffunction-sections -fdata-sections  -msse3 -fvisibility=hidden -fvisibility-inlines-hidden -Wno-deprecated -Wno-missing-declarations -Wno-shadow -Wno-unused-parameter -Wno-unused-local-typedefs -Wno-sign-compare -Wno-sign-promo -Wno-undef  -O3 -DNDEBUG  -DNDEBUG   -Wl,--gc-sections -Wl,--as-needed -Wl,--no-undefined  CMakeFiles/cmTC_1c3ad.dir/src.cxx.o -o cmTC_1c3ad 
gmake[1]: Leaving directory '/home/879enwt/REPO_git/mon_imGui/build/CMakeFiles/CMakeTmp'


===== END =====

Build output check failed:
    Regex: 'unrecognized .*option'
    Output line: 'cc1plus: note: unrecognized command-line option ‘-Wno-shorten-64-to-32’ may have been intended to silence earlier diagnostics'
Compilation failed:
    source file: '/home/879enwt/REPO_git/mon_imGui/build/CMakeFiles/CMakeTmp/src.cxx'
    check option: ' -Wno-shorten-64-to-32'
===== BUILD LOG =====
Change Dir: /home/879enwt/REPO_git/mon_imGui/build/CMakeFiles/CMakeTmp

Run Build Command(s):/usr/bin/gmake -f Makefile cmTC_e478e/fast && /usr/bin/gmake  -f CMakeFiles/cmTC_e478e.dir/build.make CMakeFiles/cmTC_e478e.dir/build
gmake[1]: Entering directory '/home/879enwt/REPO_git/mon_imGui/build/CMakeFiles/CMakeTmp'
Building CXX object CMakeFiles/cmTC_e478e.dir/src.cxx.o
/usr/bin/c++   -fsigned-char -W -Wall -Wreturn-type -Wnon-virtual-dtor -Waddress -Wsequence-point -Wformat -Wformat-security -Winit-self -Wpointer-arith -Wuninitialized -Wsuggest-override -Wno-delete-non-virtual-dtor -Wno-comment -Wimplicit-fallthrough=3 -Wno-strict-overflow -fdiagnostics-show-option -Wno-long-long -pthread -fomit-frame-pointer -ffunction-sections -fdata-sections  -msse3 -fvisibility=hidden -fvisibility-inlines-hidden -Wno-deprecated -Wno-missing-declarations -Wno-shadow -Wno-unused-parameter -Wno-unused-local-typedefs -Wno-sign-compare -Wno-sign-promo -Wno-undef -Wno-ignored-qualifiers -Wno-extra -Wno-unused-function -Wno-unused-const-variable  -O3 -DNDEBUG  -DNDEBUG -fPIE    -Wno-shorten-64-to-32 -std=c++11 -o CMakeFiles/cmTC_e478e.dir/src.cxx.o -c /home/879enwt/REPO_git/mon_imGui/build/CMakeFiles/CMakeTmp/src.cxx
/home/879enwt/REPO_git/mon_imGui/build/CMakeFiles/CMakeTmp/src.cxx:1: warning: ignoring ‘#pragma  ’ [-Wunknown-pragmas]
    1 | #pragma
      | 
cc1plus: note: unrecognized command-line option ‘-Wno-shorten-64-to-32’ may have been intended to silence earlier diagnostics
Linking CXX executable cmTC_e478e
/usr/bin/cmake -E cmake_link_script CMakeFiles/cmTC_e478e.dir/link.txt --verbose=1
/usr/bin/c++    -fsigned-char -W -Wall -Wreturn-type -Wnon-virtual-dtor -Waddress -Wsequence-point -Wformat -Wformat-security -Winit-self -Wpointer-arith -Wuninitialized -Wsuggest-override -Wno-delete-non-virtual-dtor -Wno-comment -Wimplicit-fallthrough=3 -Wno-strict-overflow -fdiagnostics-show-option -Wno-long-long -pthread -fomit-frame-pointer -ffunction-sections -fdata-sections  -msse3 -fvisibility=hidden -fvisibility-inlines-hidden -Wno-deprecated -Wno-missing-declarations -Wno-shadow -Wno-unused-parameter -Wno-unused-local-typedefs -Wno-sign-compare -Wno-sign-promo -Wno-undef -Wno-ignored-qualifiers -Wno-extra -Wno-unused-function -Wno-unused-const-variable  -O3 -DNDEBUG  -DNDEBUG   -Wl,--gc-sections -Wl,--as-needed -Wl,--no-undefined  CMakeFiles/cmTC_e478e.dir/src.cxx.o -o cmTC_e478e 
gmake[1]: Leaving directory '/home/879enwt/REPO_git/mon_imGui/build/CMakeFiles/CMakeTmp'


===== END =====

Build output check failed:
    Regex: 'unrecognized .*option'
    Output line: 'cc1plus: note: unrecognized command-line option ‘-Wno-enum-compare-switch’ may have been intended to silence earlier diagnostics'
Compilation failed:
    source file: '/home/879enwt/REPO_git/mon_imGui/build/CMakeFiles/CMakeTmp/src.cxx'
    check option: ' -Wno-enum-compare-switch'
===== BUILD LOG =====
Change Dir: /home/879enwt/REPO_git/mon_imGui/build/CMakeFiles/CMakeTmp

Run Build Command(s):/usr/bin/gmake -f Makefile cmTC_28b18/fast && /usr/bin/gmake  -f CMakeFiles/cmTC_28b18.dir/build.make CMakeFiles/cmTC_28b18.dir/build
gmake[1]: Entering directory '/home/879enwt/REPO_git/mon_imGui/build/CMakeFiles/CMakeTmp'
Building CXX object CMakeFiles/cmTC_28b18.dir/src.cxx.o
/usr/bin/c++   -fsigned-char -W -Wall -Wreturn-type -Wnon-virtual-dtor -Waddress -Wsequence-point -Wformat -Wformat-security -Winit-self -Wpointer-arith -Wuninitialized -Wsuggest-override -Wno-delete-non-virtual-dtor -Wno-comment -Wimplicit-fallthrough=3 -Wno-strict-overflow -fdiagnostics-show-option -Wno-long-long -pthread -fomit-frame-pointer -ffunction-sections -fdata-sections  -msse3 -fvisibility=hidden -fvisibility-inlines-hidden -Wno-deprecated -Wno-missing-declarations -Wno-shadow -Wno-unused-parameter -Wno-unused-local-typedefs -Wno-sign-compare -Wno-sign-promo -Wno-undef -Wno-ignored-qualifiers -Wno-extra -Wno-unused-function -Wno-unused-const-variable -Wno-invalid-offsetof  -O3 -DNDEBUG  -DNDEBUG -fPIE    -Wno-enum-compare-switch -std=c++11 -o CMakeFiles/cmTC_28b18.dir/src.cxx.o -c /home/879enwt/REPO_git/mon_imGui/build/CMakeFiles/CMakeTmp/src.cxx
/home/879enwt/REPO_git/mon_imGui/build/CMakeFiles/CMakeTmp/src.cxx:1: warning: ignoring ‘#pragma  ’ [-Wunknown-pragmas]
    1 | #pragma
      | 
cc1plus: note: unrecognized command-line option ‘-Wno-enum-compare-switch’ may have been intended to silence earlier diagnostics
Linking CXX executable cmTC_28b18
/usr/bin/cmake -E cmake_link_script CMakeFiles/cmTC_28b18.dir/link.txt --verbose=1
/usr/bin/c++    -fsigned-char -W -Wall -Wreturn-type -Wnon-virtual-dtor -Waddress -Wsequence-point -Wformat -Wformat-security -Winit-self -Wpointer-arith -Wuninitialized -Wsuggest-override -Wno-delete-non-virtual-dtor -Wno-comment -Wimplicit-fallthrough=3 -Wno-strict-overflow -fdiagnostics-show-option -Wno-long-long -pthread -fomit-frame-pointer -ffunction-sections -fdata-sections  -msse3 -fvisibility=hidden -fvisibility-inlines-hidden -Wno-deprecated -Wno-missing-declarations -Wno-shadow -Wno-unused-parameter -Wno-unused-local-typedefs -Wno-sign-compare -Wno-sign-promo -Wno-undef -Wno-ignored-qualifiers -Wno-extra -Wno-unused-function -Wno-unused-const-variable -Wno-invalid-offsetof  -O3 -DNDEBUG  -DNDEBUG   -Wl,--gc-sections -Wl,--as-needed -Wl,--no-undefined  CMakeFiles/cmTC_28b18.dir/src.cxx.o -o cmTC_28b18 
gmake[1]: Leaving directory '/home/879enwt/REPO_git/mon_imGui/build/CMakeFiles/CMakeTmp'


===== END =====

Build output check failed:
    Regex: 'unrecognized .*option'
    Output line: 'cc1plus: note: unrecognized command-line option ‘-Wno-inconsistent-missing-override’ may have been intended to silence earlier diagnostics'
Compilation failed:
    source file: '/home/879enwt/REPO_git/mon_imGui/build/CMakeFiles/CMakeTmp/src.cxx'
    check option: ' -Wno-inconsistent-missing-override'
===== BUILD LOG =====
Change Dir: /home/879enwt/REPO_git/mon_imGui/build/CMakeFiles/CMakeTmp

Run Build Command(s):/usr/bin/gmake -f Makefile cmTC_6ab94/fast && /usr/bin/gmake  -f CMakeFiles/cmTC_6ab94.dir/build.make CMakeFiles/cmTC_6ab94.dir/build
gmake[1]: Entering directory '/home/879enwt/REPO_git/mon_imGui/build/CMakeFiles/CMakeTmp'
Building CXX object CMakeFiles/cmTC_6ab94.dir/src.cxx.o
/usr/bin/c++   -fsigned-char -W -Wall -Wreturn-type -Wnon-virtual-dtor -Waddress -Wsequence-point -Wformat -Wformat-security -Winit-self -Wpointer-arith -Wuninitialized -Wno-delete-non-virtual-dtor -Wno-comment -Wimplicit-fallthrough=3 -Wno-strict-overflow -fdiagnostics-show-option -Wno-long-long -pthread -fomit-frame-pointer -ffunction-sections -fdata-sections  -msse3 -fvisibility=hidden -fvisibility-inlines-hidden -Wno-deprecated -Wno-missing-declarations -Wno-shadow -Wno-unused-parameter -Wno-unused-local-typedefs -Wno-sign-compare -Wno-sign-promo -Wno-undef -Wno-ignored-qualifiers -Wno-extra -Wno-unused-function -Wno-unused-const-variable -Wno-invalid-offsetof -Wno-suggest-override  -O3 -DNDEBUG  -DNDEBUG -fPIE    -Wno-inconsistent-missing-override -std=c++11 -o CMakeFiles/cmTC_6ab94.dir/src.cxx.o -c /home/879enwt/REPO_git/mon_imGui/build/CMakeFiles/CMakeTmp/src.cxx
/home/879enwt/REPO_git/mon_imGui/build/CMakeFiles/CMakeTmp/src.cxx:1: warning: ignoring ‘#pragma  ’ [-Wunknown-pragmas]
    1 | #pragma
      | 
cc1plus: note: unrecognized command-line option ‘-Wno-inconsistent-missing-override’ may have been intended to silence earlier diagnostics
Linking CXX executable cmTC_6ab94
/usr/bin/cmake -E cmake_link_script CMakeFiles/cmTC_6ab94.dir/link.txt --verbose=1
/usr/bin/c++    -fsigned-char -W -Wall -Wreturn-type -Wnon-virtual-dtor -Waddress -Wsequence-point -Wformat -Wformat-security -Winit-self -Wpointer-arith -Wuninitialized -Wno-delete-non-virtual-dtor -Wno-comment -Wimplicit-fallthrough=3 -Wno-strict-overflow -fdiagnostics-show-option -Wno-long-long -pthread -fomit-frame-pointer -ffunction-sections -fdata-sections  -msse3 -fvisibility=hidden -fvisibility-inlines-hidden -Wno-deprecated -Wno-missing-declarations -Wno-shadow -Wno-unused-parameter -Wno-unused-local-typedefs -Wno-sign-compare -Wno-sign-promo -Wno-undef -Wno-ignored-qualifiers -Wno-extra -Wno-unused-function -Wno-unused-const-variable -Wno-invalid-offsetof -Wno-suggest-override  -O3 -DNDEBUG  -DNDEBUG   -Wl,--gc-sections -Wl,--as-needed -Wl,--no-undefined  CMakeFiles/cmTC_6ab94.dir/src.cxx.o -o cmTC_6ab94 
gmake[1]: Leaving directory '/home/879enwt/REPO_git/mon_imGui/build/CMakeFiles/CMakeTmp'


===== END =====

Build output check failed:
    Regex: 'unrecognized .*option'
    Output line: 'cc1plus: note: unrecognized command-line option ‘-Wno-comma’ may have been intended to silence earlier diagnostics'
Compilation failed:
    source file: '/home/879enwt/REPO_git/mon_imGui/build/CMakeFiles/CMakeTmp/src.cxx'
    check option: ' -Wno-comma'
===== BUILD LOG =====
Change Dir: /home/879enwt/REPO_git/mon_imGui/build/CMakeFiles/CMakeTmp

Run Build Command(s):/usr/bin/gmake -f Makefile cmTC_26a93/fast && /usr/bin/gmake  -f CMakeFiles/cmTC_26a93.dir/build.make CMakeFiles/cmTC_26a93.dir/build
gmake[1]: Entering directory '/home/879enwt/REPO_git/mon_imGui/build/CMakeFiles/CMakeTmp'
Building CXX object CMakeFiles/cmTC_26a93.dir/src.cxx.o
/usr/bin/c++   -fsigned-char -W -Wall -Wreturn-type -Wnon-virtual-dtor -Waddress -Wsequence-point -Wformat -Wformat-security -Winit-self -Wpointer-arith -Wuninitialized -Wno-delete-non-virtual-dtor -Wno-comment -Wno-strict-overflow -fdiagnostics-show-option -Wno-long-long -pthread -fomit-frame-pointer -ffunction-sections -fdata-sections  -msse3 -fvisibility=hidden -fvisibility-inlines-hidden -Wno-deprecated -Wno-missing-declarations -Wno-shadow -Wno-unused-parameter -Wno-unused-local-typedefs -Wno-sign-compare -Wno-sign-promo -Wno-undef -Wno-ignored-qualifiers -Wno-extra -Wno-unused-function -Wno-unused-const-variable -Wno-invalid-offsetof -Wno-suggest-override -Wno-implicit-fallthrough -Wno-array-bounds -Wno-stringop-overflow -Wno-stringop-overread -Wno-extra-semi  -O3 -DNDEBUG  -DNDEBUG -fPIE    -Wno-comma -std=c++11 -o CMakeFiles/cmTC_26a93.dir/src.cxx.o -c /home/879enwt/REPO_git/mon_imGui/build/CMakeFiles/CMakeTmp/src.cxx
/home/879enwt/REPO_git/mon_imGui/build/CMakeFiles/CMakeTmp/src.cxx:1: warning: ignoring ‘#pragma  ’ [-Wunknown-pragmas]
    1 | #pragma
      | 
cc1plus: note: unrecognized command-line option ‘-Wno-comma’ may have been intended to silence earlier diagnostics
Linking CXX executable cmTC_26a93
/usr/bin/cmake -E cmake_link_script CMakeFiles/cmTC_26a93.dir/link.txt --verbose=1
/usr/bin/c++    -fsigned-char -W -Wall -Wreturn-type -Wnon-virtual-dtor -Waddress -Wsequence-point -Wformat -Wformat-security -Winit-self -Wpointer-arith -Wuninitialized -Wno-delete-non-virtual-dtor -Wno-comment -Wno-strict-overflow -fdiagnostics-show-option -Wno-long-long -pthread -fomit-frame-pointer -ffunction-sections -fdata-sections  -msse3 -fvisibility=hidden -fvisibility-inlines-hidden -Wno-deprecated -Wno-missing-declarations -Wno-shadow -Wno-unused-parameter -Wno-unused-local-typedefs -Wno-sign-compare -Wno-sign-promo -Wno-undef -Wno-ignored-qualifiers -Wno-extra -Wno-unused-function -Wno-unused-const-variable -Wno-invalid-offsetof -Wno-suggest-override -Wno-implicit-fallthrough -Wno-array-bounds -Wno-stringop-overflow -Wno-stringop-overread -Wno-extra-semi  -O3 -DNDEBUG  -DNDEBUG   -Wl,--gc-sections -Wl,--as-needed -Wl,--no-undefined  CMakeFiles/cmTC_26a93.dir/src.cxx.o -o cmTC_26a93 
gmake[1]: Leaving directory '/home/879enwt/REPO_git/mon_imGui/build/CMakeFiles/CMakeTmp'


===== END =====

Determining if the include file sys/videoio.h exists failed with the following output:
Change Dir: /home/879enwt/REPO_git/mon_imGui/build/CMakeFiles/CMakeScratch/TryCompile-km0t3A

Run Build Command(s):/usr/bin/gmake -f Makefile cmTC_abe7d/fast && /usr/bin/gmake  -f CMakeFiles/cmTC_abe7d.dir/build.make CMakeFiles/cmTC_abe7d.dir/build
gmake[1]: Entering directory '/home/879enwt/REPO_git/mon_imGui/build/CMakeFiles/CMakeScratch/TryCompile-km0t3A'
Building C object CMakeFiles/cmTC_abe7d.dir/CheckIncludeFile.c.o
/usr/bin/cc   -fsigned-char -W -Wall -Wreturn-type -Waddress -Wsequence-point -Wformat -Wformat-security -Wmissing-declarations -Wmissing-prototypes -Wstrict-prototypes -Wundef -Winit-self -Wpointer-arith -Wshadow -Wuninitialized -Wno-comment -Wimplicit-fallthrough=3 -Wno-strict-overflow -fdiagnostics-show-option -Wno-long-long -pthread -fomit-frame-pointer -ffunction-sections -fdata-sections  -msse3 -fvisibility=hidden  -O3 -DNDEBUG  -DNDEBUG -fPIE -o CMakeFiles/cmTC_abe7d.dir/CheckIncludeFile.c.o -c /home/879enwt/REPO_git/mon_imGui/build/CMakeFiles/CMakeScratch/TryCompile-km0t3A/CheckIncludeFile.c
/home/879enwt/REPO_git/mon_imGui/build/CMakeFiles/CMakeScratch/TryCompile-km0t3A/CheckIncludeFile.c:1:10: fatal error: sys/videoio.h: No such file or directory
    1 | #include <sys/videoio.h>
      |          ^~~~~~~~~~~~~~~
compilation terminated.
gmake[1]: *** [CMakeFiles/cmTC_abe7d.dir/build.make:78: CMakeFiles/cmTC_abe7d.dir/CheckIncludeFile.c.o] Error 1
gmake[1]: Leaving directory '/home/879enwt/REPO_git/mon_imGui/build/CMakeFiles/CMakeScratch/TryCompile-km0t3A'
gmake: *** [Makefile:127: cmTC_abe7d/fast] Error 2



Build output check failed:
    Regex: 'unrecognized .*option'
    Output line: 'cc1plus: note: unrecognized command-line option ‘-Wno-unused-private-field’ may have been intended to silence earlier diagnostics'
Compilation failed:
    source file: '/home/879enwt/REPO_git/mon_imGui/build/CMakeFiles/CMakeTmp/src.cxx'
    check option: ' -Wno-unused-private-field'
===== BUILD LOG =====
Change Dir: /home/879enwt/REPO_git/mon_imGui/build/CMakeFiles/CMakeTmp

Run Build Command(s):/usr/bin/gmake -f Makefile cmTC_3cc94/fast && /usr/bin/gmake  -f CMakeFiles/cmTC_3cc94.dir/build.make CMakeFiles/cmTC_3cc94.dir/build
gmake[1]: Entering directory '/home/879enwt/REPO_git/mon_imGui/build/CMakeFiles/CMakeTmp'
Building CXX object CMakeFiles/cmTC_3cc94.dir/src.cxx.o
/usr/bin/c++   -fsigned-char -W -Wall -Wreturn-type -Wnon-virtual-dtor -Waddress -Wsequence-point -Wformat -Wformat-security -Wmissing-declarations -Wundef -Winit-self -Wpointer-arith -Wshadow -Wsign-promo -Wuninitialized -Wsuggest-override -Wno-delete-non-virtual-dtor -Wno-comment -Wimplicit-fallthrough=3 -Wno-strict-overflow -fdiagnostics-show-option -Wno-long-long -pthread -fomit-frame-pointer -ffunction-sections -fdata-sections  -msse3 -fvisibility=hidden -fvisibility-inlines-hidden -Wno-unused-function -Wno-deprecated-declarations -Wno-overloaded-virtual  -O3 -DNDEBUG  -DNDEBUG -fPIE    -Wno-unused-private-field -std=c++11 -o CMakeFiles/cmTC_3cc94.dir/src.cxx.o -c /home/879enwt/REPO_git/mon_imGui/build/CMakeFiles/CMakeTmp/src.cxx
/home/879enwt/REPO_git/mon_imGui/build/CMakeFiles/CMakeTmp/src.cxx:1: warning: ignoring ‘#pragma  ’ [-Wunknown-pragmas]
    1 | #pragma
      | 
cc1plus: note: unrecognized command-line option ‘-Wno-unused-private-field’ may have been intended to silence earlier diagnostics
Linking CXX executable cmTC_3cc94
/usr/bin/cmake -E cmake_link_script CMakeFiles/cmTC_3cc94.dir/link.txt --verbose=1
/usr/bin/c++    -fsigned-char -W -Wall -Wreturn-type -Wnon-virtual-dtor -Waddress -Wsequence-point -Wformat -Wformat-security -Wmissing-declarations -Wundef -Winit-self -Wpointer-arith -Wshadow -Wsign-promo -Wuninitialized -Wsuggest-override -Wno-delete-non-virtual-dtor -Wno-comment -Wimplicit-fallthrough=3 -Wno-strict-overflow -fdiagnostics-show-option -Wno-long-long -pthread -fomit-frame-pointer -ffunction-sections -fdata-sections  -msse3 -fvisibility=hidden -fvisibility-inlines-hidden -Wno-unused-function -Wno-deprecated-declarations -Wno-overloaded-virtual  -O3 -DNDEBUG  -DNDEBUG   -Wl,--gc-sections -Wl,--as-needed -Wl,--no-undefined  CMakeFiles/cmTC_3cc94.dir/src.cxx.o -o cmTC_3cc94 
gmake[1]: Leaving directory '/home/879enwt/REPO_git/mon_imGui/build/CMakeFiles/CMakeTmp'


===== END =====

